app/build/intermediates/manifest_merge_blame_file/debug/manifest-merger-blame-debug-report.txt
1<?xml version="1.0" encoding="utf-8"?>
2<manifest xmlns:android="http://schemas.android.com/apk/res/android"
3    package="com.jovanmillenno.e_forecasting"
4    android:versionCode="1"
5    android:versionName="1.0" >
6
7    <uses-sdk
8        android:minSdkVersion="21"
8-->src\main\AndroidManifest.xml
9        android:targetSdkVersion="29" />
9-->src\main\AndroidManifest.xml
10
11    <application
11-->src\main\AndroidManifest.xml:5:5-24:19
12        android:allowBackup="true"
12-->src\main\AndroidManifest.xml:6:9-35
13        android:appComponentFactory="androidx.core.app.CoreComponentFactory"
13-->[androidx.core:core:1.3.1] AndroidManifest.xml:24:18-86
14        android:debuggable="true"
15        android:icon="@mipmap/ic_launcher"
15-->src\main\AndroidManifest.xml:7:9-43
16        android:label="@string/app_name"
16-->src\main\AndroidManifest.xml:8:9-41
17        android:roundIcon="@mipmap/ic_launcher_round"
17-->src\main\AndroidManifest.xml:9:9-54
18        android:supportsRtl="true"
18-->src\main\AndroidManifest.xml:10:9-35
19        android:testOnly="true"
20        android:theme="@style/AppTheme" >
20-->src\main\AndroidManifest.xml:11:9-40
21        <activity
21-->src\main\AndroidManifest.xml:12:9-102
22            android:name="com.jovanmillenno.e_forecasting.HasilActivity"
22-->src\main\AndroidManifest.xml:12:19-48
23            android:theme="@style/Theme.AppCompat.NoActionBar" />
23-->src\main\AndroidManifest.xml:12:50-100
24        <activity
24-->src\main\AndroidManifest.xml:13:9-103
25            android:name="com.jovanmillenno.e_forecasting.ProsesActivity"
25-->src\main\AndroidManifest.xml:13:19-49
26            android:theme="@style/Theme.AppCompat.NoActionBar" />
26-->src\main\AndroidManifest.xml:13:51-101
27        <activity
27-->src\main\AndroidManifest.xml:14:9-101
28            android:name="com.jovanmillenno.e_forecasting.HomeActivity"
28-->src\main\AndroidManifest.xml:14:19-47
29            android:theme="@style/Theme.AppCompat.NoActionBar" />
29-->src\main\AndroidManifest.xml:14:49-99
30        <activity
30-->src\main\AndroidManifest.xml:15:9-23:20
31            android:name="com.jovanmillenno.e_forecasting.MainActivity"
31-->src\main\AndroidManifest.xml:15:19-47
32            android:theme="@style/Theme.AppCompat.NoActionBar" >
32-->src\main\AndroidManifest.xml:16:13-63
33            <intent-filter>
33-->src\main\AndroidManifest.xml:18:13-22:29
34                <action android:name="android.intent.action.MAIN" />
34-->src\main\AndroidManifest.xml:19:17-69
34-->src\main\AndroidManifest.xml:19:25-66
35
36                <category android:name="android.intent.category.LAUNCHER" />
36-->src\main\AndroidManifest.xml:21:17-77
36-->src\main\AndroidManifest.xml:21:27-74
37            </intent-filter>
38        </activity>
39    </application>
40
41</manifest>